13:45:02.798 INFO [GridLauncherV3.parse] - Selenium server version: 3.141.59, revision: e82be7d358
13:45:02.888 INFO [GridLauncherV3.lambda$buildLaunchers$3] - Launching a standalone Selenium Server on port 2553
2019-10-28 13:45:02.938:INFO::main: Logging initialized @361ms to org.seleniumhq.jetty9.util.log.StdErrLog
13:45:03.188 INFO [WebDriverServlet.<init>] - Initialising WebDriverServlet
13:45:03.438 INFO [SeleniumServer.boot] - Selenium Server is up and running on port 2553
13:45:03.878 INFO [ActiveSessionFactory.apply] - Capabilities are: {
  "acceptSslCerts": true,
  "browserName": "chrome",
  "chromeOptions": {
    "w3c": false
  },
  "name": "1"
}
13:45:03.888 INFO [ActiveSessionFactory.lambda$apply$11] - Matched factory org.openqa.selenium.grid.session.remote.ServicedSession$Factory (provider: org.openqa.selenium.chrome.ChromeDriverService)
Starting ChromeDriver 78.0.3904.70 (edb9c9f3de0247fd912a77b7f6cae7447f6d3ad5-refs/branch-heads/3904@{#800}) on port 40726
Only local connections are allowed.
Please protect ports used by ChromeDriver and related test frameworks to prevent access by malicious code.
13:45:05.492 INFO [ProtocolHandshake.createSession] - Detected dialect: OSS
13:45:05.924 INFO [RemoteSession$Factory.lambda$performHandshake$0] - Started new session 9c3da526d7bce9efd78c1ecb2d0b86bd (org.openqa.selenium.chrome.ChromeDriverService)
13:45:07.882 INFO [ActiveSessions$1.onStop] - Removing session 9c3da526d7bce9efd78c1ecb2d0b86bd (org.openqa.selenium.chrome.ChromeDriverService)
